# Logfile created on 2014-02-25 19:28:29 -0500 by logger.rb/44203
I, [2014-02-25T19:28:29.527992 #95036]  INFO -- : 0:  rake (10.1.1) from /Users/ulukfuni/.rvm/gems/ruby-2.1.0/specifications/rake-10.1.1.gemspec
I, [2014-02-25T19:28:29.528670 #95036]  INFO -- : 0:  i18n (0.6.9) from /Users/ulukfuni/.rvm/gems/ruby-2.1.0/specifications/i18n-0.6.9.gemspec
I, [2014-02-25T19:28:29.529052 #95036]  INFO -- : 0:  minitest (4.7.5) from /Users/ulukfuni/.rvm/rubies/ruby-2.1.0/lib/ruby/gems/2.1.0/specifications/default/minitest-4.7.5.gemspec
I, [2014-02-25T19:28:29.529748 #95036]  INFO -- : 0:  multi_json (1.8.4) from /Users/ulukfuni/.rvm/gems/ruby-2.1.0/specifications/multi_json-1.8.4.gemspec
I, [2014-02-25T19:28:29.530145 #95036]  INFO -- : 0:  atomic (1.1.14) from /Users/ulukfuni/.rvm/gems/ruby-2.1.0/specifications/atomic-1.1.14.gemspec
I, [2014-02-25T19:28:29.530538 #95036]  INFO -- : 0:  thread_safe (0.1.3) from /Users/ulukfuni/.rvm/gems/ruby-2.1.0/specifications/thread_safe-0.1.3.gemspec
I, [2014-02-25T19:28:29.530926 #95036]  INFO -- : 0:  tzinfo (0.3.38) from /Users/ulukfuni/.rvm/gems/ruby-2.1.0/specifications/tzinfo-0.3.38.gemspec
I, [2014-02-25T19:28:29.531318 #95036]  INFO -- : 0:  activesupport (4.0.3) from /Users/ulukfuni/.rvm/gems/ruby-2.1.0/specifications/activesupport-4.0.3.gemspec
I, [2014-02-25T19:28:29.531711 #95036]  INFO -- : 0:  builder (3.1.4) from /Users/ulukfuni/.rvm/gems/ruby-2.1.0/specifications/builder-3.1.4.gemspec
I, [2014-02-25T19:28:29.532037 #95036]  INFO -- : 0:  erubis (2.7.0) from /Users/ulukfuni/.rvm/gems/ruby-2.1.0/specifications/erubis-2.7.0.gemspec
I, [2014-02-25T19:28:29.532340 #95036]  INFO -- : 0:  rack (1.5.2) from /Users/ulukfuni/.rvm/gems/ruby-2.1.0/specifications/rack-1.5.2.gemspec
I, [2014-02-25T19:28:29.532644 #95036]  INFO -- : 0:  rack-test (0.6.2) from /Users/ulukfuni/.rvm/gems/ruby-2.1.0/specifications/rack-test-0.6.2.gemspec
I, [2014-02-25T19:28:29.532965 #95036]  INFO -- : 0:  actionpack (4.0.3) from /Users/ulukfuni/.rvm/gems/ruby-2.1.0/specifications/actionpack-4.0.3.gemspec
I, [2014-02-25T19:28:29.533271 #95036]  INFO -- : 0:  mime-types (1.25.1) from /Users/ulukfuni/.rvm/gems/ruby-2.1.0/specifications/mime-types-1.25.1.gemspec
I, [2014-02-25T19:28:29.533581 #95036]  INFO -- : 0:  polyglot (0.3.4) from /Users/ulukfuni/.rvm/gems/ruby-2.1.0/specifications/polyglot-0.3.4.gemspec
I, [2014-02-25T19:28:29.533896 #95036]  INFO -- : 0:  treetop (1.4.15) from /Users/ulukfuni/.rvm/gems/ruby-2.1.0/specifications/treetop-1.4.15.gemspec
I, [2014-02-25T19:28:29.534212 #95036]  INFO -- : 0:  mail (2.5.4) from /Users/ulukfuni/.rvm/gems/ruby-2.1.0/specifications/mail-2.5.4.gemspec
I, [2014-02-25T19:28:29.534489 #95036]  INFO -- : 0:  actionmailer (4.0.3) from /Users/ulukfuni/.rvm/gems/ruby-2.1.0/specifications/actionmailer-4.0.3.gemspec
I, [2014-02-25T19:28:29.534750 #95036]  INFO -- : 0:  activemodel (4.0.3) from /Users/ulukfuni/.rvm/gems/ruby-2.1.0/specifications/activemodel-4.0.3.gemspec
I, [2014-02-25T19:28:29.535029 #95036]  INFO -- : 0:  activerecord-deprecated_finders (1.0.3) from /Users/ulukfuni/.rvm/gems/ruby-2.1.0/specifications/activerecord-deprecated_finders-1.0.3.gemspec
I, [2014-02-25T19:28:29.535301 #95036]  INFO -- : 0:  arel (4.0.2) from /Users/ulukfuni/.rvm/gems/ruby-2.1.0/specifications/arel-4.0.2.gemspec
I, [2014-02-25T19:28:29.535586 #95036]  INFO -- : 0:  activerecord (4.0.3) from /Users/ulukfuni/.rvm/gems/ruby-2.1.0/specifications/activerecord-4.0.3.gemspec
I, [2014-02-25T19:28:29.535861 #95036]  INFO -- : 0:  bundler (1.5.1) from /Users/ulukfuni/.rvm/gems/ruby-2.1.0@global/specifications/bundler-1.5.1.gemspec
I, [2014-02-25T19:28:29.536139 #95036]  INFO -- : 0:  mini_portile (0.5.2) from /Users/ulukfuni/.rvm/gems/ruby-2.1.0/specifications/mini_portile-0.5.2.gemspec
I, [2014-02-25T19:28:29.536419 #95036]  INFO -- : 0:  nokogiri (1.6.1) from /Users/ulukfuni/.rvm/gems/ruby-2.1.0/specifications/nokogiri-1.6.1.gemspec
I, [2014-02-25T19:28:29.536788 #95036]  INFO -- : 0:  xpath (2.0.0) from /Users/ulukfuni/.rvm/gems/ruby-2.1.0/specifications/xpath-2.0.0.gemspec
I, [2014-02-25T19:28:29.537105 #95036]  INFO -- : 0:  capybara (2.1.0) from /Users/ulukfuni/.rvm/gems/ruby-2.1.0/specifications/capybara-2.1.0.gemspec
I, [2014-02-25T19:28:29.572875 #95036]  INFO -- : 0:  ffi (1.9.3) from /Users/ulukfuni/.rvm/gems/ruby-2.1.0/specifications/ffi-1.9.3.gemspec
I, [2014-02-25T19:28:29.573404 #95036]  INFO -- : 0:  childprocess (0.5.1) from /Users/ulukfuni/.rvm/gems/ruby-2.1.0/specifications/childprocess-0.5.1.gemspec
I, [2014-02-25T19:28:29.573855 #95036]  INFO -- : 0:  coffee-script-source (1.7.0) from /Users/ulukfuni/.rvm/gems/ruby-2.1.0/specifications/coffee-script-source-1.7.0.gemspec
I, [2014-02-25T19:28:29.574310 #95036]  INFO -- : 0:  execjs (2.0.2) from /Users/ulukfuni/.rvm/gems/ruby-2.1.0/specifications/execjs-2.0.2.gemspec
I, [2014-02-25T19:28:29.574766 #95036]  INFO -- : 0:  coffee-script (2.2.0) from /Users/ulukfuni/.rvm/gems/ruby-2.1.0/specifications/coffee-script-2.2.0.gemspec
I, [2014-02-25T19:28:29.575229 #95036]  INFO -- : 0:  thor (0.18.1) from /Users/ulukfuni/.rvm/gems/ruby-2.1.0/specifications/thor-0.18.1.gemspec
I, [2014-02-25T19:28:29.575606 #95036]  INFO -- : 0:  railties (4.0.3) from /Users/ulukfuni/.rvm/gems/ruby-2.1.0/specifications/railties-4.0.3.gemspec
I, [2014-02-25T19:28:29.575999 #95036]  INFO -- : 0:  coffee-rails (4.0.1) from /Users/ulukfuni/.rvm/gems/ruby-2.1.0/specifications/coffee-rails-4.0.1.gemspec
I, [2014-02-25T19:28:29.576387 #95036]  INFO -- : 0:  diff-lcs (1.2.5) from /Users/ulukfuni/.rvm/gems/ruby-2.1.0/specifications/diff-lcs-1.2.5.gemspec
I, [2014-02-25T19:28:29.576781 #95036]  INFO -- : 0:  hike (1.2.3) from /Users/ulukfuni/.rvm/gems/ruby-2.1.0/specifications/hike-1.2.3.gemspec
I, [2014-02-25T19:28:29.577312 #95036]  INFO -- : 0:  jbuilder (1.0.2) from /Users/ulukfuni/.rvm/gems/ruby-2.1.0/specifications/jbuilder-1.0.2.gemspec
I, [2014-02-25T19:28:29.577711 #95036]  INFO -- : 0:  jquery-rails (3.0.4) from /Users/ulukfuni/.rvm/gems/ruby-2.1.0/specifications/jquery-rails-3.0.4.gemspec
I, [2014-02-25T19:28:29.578051 #95036]  INFO -- : 0:  json (1.8.1) from /Users/ulukfuni/.rvm/rubies/ruby-2.1.0/lib/ruby/gems/2.1.0/specifications/default/json-1.8.1.gemspec
I, [2014-02-25T19:28:29.578444 #95036]  INFO -- : 0:  tilt (1.4.1) from /Users/ulukfuni/.rvm/gems/ruby-2.1.0/specifications/tilt-1.4.1.gemspec
I, [2014-02-25T19:28:29.578986 #95036]  INFO -- : 0:  sprockets (2.11.0) from /Users/ulukfuni/.rvm/gems/ruby-2.1.0/specifications/sprockets-2.11.0.gemspec
I, [2014-02-25T19:28:29.579418 #95036]  INFO -- : 0:  sprockets-rails (2.0.1) from /Users/ulukfuni/.rvm/gems/ruby-2.1.0/specifications/sprockets-rails-2.0.1.gemspec
I, [2014-02-25T19:28:29.579921 #95036]  INFO -- : 0:  rails (4.0.3) from /Users/ulukfuni/.rvm/gems/ruby-2.1.0/specifications/rails-4.0.3.gemspec
I, [2014-02-25T19:28:29.580488 #95036]  INFO -- : 0:  rdoc (3.12.2) from /Users/ulukfuni/.rvm/gems/ruby-2.1.0/specifications/rdoc-3.12.2.gemspec
I, [2014-02-25T19:28:29.580888 #95036]  INFO -- : 0:  rspec-core (2.13.1) from /Users/ulukfuni/.rvm/gems/ruby-2.1.0/specifications/rspec-core-2.13.1.gemspec
I, [2014-02-25T19:28:29.581196 #95036]  INFO -- : 0:  rspec-expectations (2.13.0) from /Users/ulukfuni/.rvm/gems/ruby-2.1.0/specifications/rspec-expectations-2.13.0.gemspec
I, [2014-02-25T19:28:29.581536 #95036]  INFO -- : 0:  rspec-mocks (2.13.1) from /Users/ulukfuni/.rvm/gems/ruby-2.1.0/specifications/rspec-mocks-2.13.1.gemspec
I, [2014-02-25T19:28:29.581850 #95036]  INFO -- : 0:  rspec-rails (2.13.1) from /Users/ulukfuni/.rvm/gems/ruby-2.1.0/specifications/rspec-rails-2.13.1.gemspec
I, [2014-02-25T19:28:29.582180 #95036]  INFO -- : 0:  rubyzip (0.9.9) from /Users/ulukfuni/.rvm/gems/ruby-2.1.0/specifications/rubyzip-0.9.9.gemspec
I, [2014-02-25T19:28:29.582502 #95036]  INFO -- : 0:  sass (3.2.14) from /Users/ulukfuni/.rvm/gems/ruby-2.1.0/specifications/sass-3.2.14.gemspec
I, [2014-02-25T19:28:29.582813 #95036]  INFO -- : 0:  sass-rails (4.0.1) from /Users/ulukfuni/.rvm/gems/ruby-2.1.0/specifications/sass-rails-4.0.1.gemspec
I, [2014-02-25T19:28:29.583153 #95036]  INFO -- : 0:  sdoc (0.3.20) from /Users/ulukfuni/.rvm/gems/ruby-2.1.0/specifications/sdoc-0.3.20.gemspec
I, [2014-02-25T19:28:29.583992 #95036]  INFO -- : 0:  websocket (1.0.7) from /Users/ulukfuni/.rvm/gems/ruby-2.1.0/specifications/websocket-1.0.7.gemspec
I, [2014-02-25T19:28:29.584343 #95036]  INFO -- : 0:  selenium-webdriver (2.35.1) from /Users/ulukfuni/.rvm/gems/ruby-2.1.0/specifications/selenium-webdriver-2.35.1.gemspec
I, [2014-02-25T19:28:29.584685 #95036]  INFO -- : 0:  sqlite3 (1.3.8) from /Users/ulukfuni/.rvm/gems/ruby-2.1.0/specifications/sqlite3-1.3.8.gemspec
I, [2014-02-25T19:28:29.585004 #95036]  INFO -- : 0:  turbolinks (1.1.1) from /Users/ulukfuni/.rvm/gems/ruby-2.1.0/specifications/turbolinks-1.1.1.gemspec
I, [2014-02-25T19:28:29.585325 #95036]  INFO -- : 0:  uglifier (2.1.1) from /Users/ulukfuni/.rvm/gems/ruby-2.1.0/specifications/uglifier-2.1.1.gemspec
I, [2014-02-25T19:28:39.710168 #95037]  INFO -- : 0:  rake (10.1.1) from /Users/ulukfuni/.rvm/gems/ruby-2.1.0/specifications/rake-10.1.1.gemspec
I, [2014-02-25T19:28:39.710610 #95037]  INFO -- : 0:  i18n (0.6.9) from /Users/ulukfuni/.rvm/gems/ruby-2.1.0/specifications/i18n-0.6.9.gemspec
I, [2014-02-25T19:28:39.710980 #95037]  INFO -- : 0:  minitest (4.7.5) from /Users/ulukfuni/.rvm/rubies/ruby-2.1.0/lib/ruby/gems/2.1.0/specifications/default/minitest-4.7.5.gemspec
I, [2014-02-25T19:28:39.711337 #95037]  INFO -- : 0:  multi_json (1.8.4) from /Users/ulukfuni/.rvm/gems/ruby-2.1.0/specifications/multi_json-1.8.4.gemspec
I, [2014-02-25T19:28:39.711690 #95037]  INFO -- : 0:  atomic (1.1.14) from /Users/ulukfuni/.rvm/gems/ruby-2.1.0/specifications/atomic-1.1.14.gemspec
I, [2014-02-25T19:28:39.712105 #95037]  INFO -- : 0:  thread_safe (0.1.3) from /Users/ulukfuni/.rvm/gems/ruby-2.1.0/specifications/thread_safe-0.1.3.gemspec
I, [2014-02-25T19:28:39.712603 #95037]  INFO -- : 0:  tzinfo (0.3.38) from /Users/ulukfuni/.rvm/gems/ruby-2.1.0/specifications/tzinfo-0.3.38.gemspec
I, [2014-02-25T19:28:39.712998 #95037]  INFO -- : 0:  activesupport (4.0.3) from /Users/ulukfuni/.rvm/gems/ruby-2.1.0/specifications/activesupport-4.0.3.gemspec
I, [2014-02-25T19:28:39.713342 #95037]  INFO -- : 0:  builder (3.1.4) from /Users/ulukfuni/.rvm/gems/ruby-2.1.0/specifications/builder-3.1.4.gemspec
I, [2014-02-25T19:28:39.713826 #95037]  INFO -- : 0:  erubis (2.7.0) from /Users/ulukfuni/.rvm/gems/ruby-2.1.0/specifications/erubis-2.7.0.gemspec
I, [2014-02-25T19:28:39.714317 #95037]  INFO -- : 0:  rack (1.5.2) from /Users/ulukfuni/.rvm/gems/ruby-2.1.0/specifications/rack-1.5.2.gemspec
I, [2014-02-25T19:28:39.714700 #95037]  INFO -- : 0:  rack-test (0.6.2) from /Users/ulukfuni/.rvm/gems/ruby-2.1.0/specifications/rack-test-0.6.2.gemspec
I, [2014-02-25T19:28:39.715092 #95037]  INFO -- : 0:  actionpack (4.0.3) from /Users/ulukfuni/.rvm/gems/ruby-2.1.0/specifications/actionpack-4.0.3.gemspec
I, [2014-02-25T19:28:39.715597 #95037]  INFO -- : 0:  mime-types (1.25.1) from /Users/ulukfuni/.rvm/gems/ruby-2.1.0/specifications/mime-types-1.25.1.gemspec
I, [2014-02-25T19:28:39.716098 #95037]  INFO -- : 0:  polyglot (0.3.4) from /Users/ulukfuni/.rvm/gems/ruby-2.1.0/specifications/polyglot-0.3.4.gemspec
I, [2014-02-25T19:28:39.716609 #95037]  INFO -- : 0:  treetop (1.4.15) from /Users/ulukfuni/.rvm/gems/ruby-2.1.0/specifications/treetop-1.4.15.gemspec
I, [2014-02-25T19:28:39.717104 #95037]  INFO -- : 0:  mail (2.5.4) from /Users/ulukfuni/.rvm/gems/ruby-2.1.0/specifications/mail-2.5.4.gemspec
I, [2014-02-25T19:28:39.717642 #95037]  INFO -- : 0:  actionmailer (4.0.3) from /Users/ulukfuni/.rvm/gems/ruby-2.1.0/specifications/actionmailer-4.0.3.gemspec
I, [2014-02-25T19:28:39.718129 #95037]  INFO -- : 0:  activemodel (4.0.3) from /Users/ulukfuni/.rvm/gems/ruby-2.1.0/specifications/activemodel-4.0.3.gemspec
I, [2014-02-25T19:28:39.718604 #95037]  INFO -- : 0:  activerecord-deprecated_finders (1.0.3) from /Users/ulukfuni/.rvm/gems/ruby-2.1.0/specifications/activerecord-deprecated_finders-1.0.3.gemspec
I, [2014-02-25T19:28:39.719086 #95037]  INFO -- : 0:  arel (4.0.2) from /Users/ulukfuni/.rvm/gems/ruby-2.1.0/specifications/arel-4.0.2.gemspec
I, [2014-02-25T19:28:39.719624 #95037]  INFO -- : 0:  activerecord (4.0.3) from /Users/ulukfuni/.rvm/gems/ruby-2.1.0/specifications/activerecord-4.0.3.gemspec
I, [2014-02-25T19:28:39.768502 #95037]  INFO -- : 0:  mini_portile (0.5.2) from /Users/ulukfuni/.rvm/gems/ruby-2.1.0/specifications/mini_portile-0.5.2.gemspec
I, [2014-02-25T19:28:39.769052 #95037]  INFO -- : 0:  nokogiri (1.6.1) from /Users/ulukfuni/.rvm/gems/ruby-2.1.0/specifications/nokogiri-1.6.1.gemspec
I, [2014-02-25T19:28:39.769558 #95037]  INFO -- : 0:  xpath (2.0.0) from /Users/ulukfuni/.rvm/gems/ruby-2.1.0/specifications/xpath-2.0.0.gemspec
I, [2014-02-25T19:28:39.770042 #95037]  INFO -- : 0:  capybara (2.1.0) from /Users/ulukfuni/.rvm/gems/ruby-2.1.0/specifications/capybara-2.1.0.gemspec
I, [2014-02-25T19:28:39.770514 #95037]  INFO -- : 0:  ffi (1.9.3) from /Users/ulukfuni/.rvm/gems/ruby-2.1.0/specifications/ffi-1.9.3.gemspec
I, [2014-02-25T19:28:39.770983 #95037]  INFO -- : 0:  childprocess (0.5.1) from /Users/ulukfuni/.rvm/gems/ruby-2.1.0/specifications/childprocess-0.5.1.gemspec
I, [2014-02-25T19:28:39.771472 #95037]  INFO -- : 0:  coffee-script-source (1.7.0) from /Users/ulukfuni/.rvm/gems/ruby-2.1.0/specifications/coffee-script-source-1.7.0.gemspec
I, [2014-02-25T19:28:39.771870 #95037]  INFO -- : 0:  execjs (2.0.2) from /Users/ulukfuni/.rvm/gems/ruby-2.1.0/specifications/execjs-2.0.2.gemspec
I, [2014-02-25T19:28:39.772253 #95037]  INFO -- : 0:  coffee-script (2.2.0) from /Users/ulukfuni/.rvm/gems/ruby-2.1.0/specifications/coffee-script-2.2.0.gemspec
I, [2014-02-25T19:28:39.772633 #95037]  INFO -- : 0:  thor (0.18.1) from /Users/ulukfuni/.rvm/gems/ruby-2.1.0/specifications/thor-0.18.1.gemspec
I, [2014-02-25T19:28:39.773025 #95037]  INFO -- : 0:  railties (4.0.3) from /Users/ulukfuni/.rvm/gems/ruby-2.1.0/specifications/railties-4.0.3.gemspec
I, [2014-02-25T19:28:39.773434 #95037]  INFO -- : 0:  coffee-rails (4.0.1) from /Users/ulukfuni/.rvm/gems/ruby-2.1.0/specifications/coffee-rails-4.0.1.gemspec
I, [2014-02-25T19:28:39.773835 #95037]  INFO -- : 0:  diff-lcs (1.2.5) from /Users/ulukfuni/.rvm/gems/ruby-2.1.0/specifications/diff-lcs-1.2.5.gemspec
I, [2014-02-25T19:28:39.774198 #95037]  INFO -- : 0:  hike (1.2.3) from /Users/ulukfuni/.rvm/gems/ruby-2.1.0/specifications/hike-1.2.3.gemspec
I, [2014-02-25T19:28:39.774549 #95037]  INFO -- : 0:  jbuilder (1.0.2) from /Users/ulukfuni/.rvm/gems/ruby-2.1.0/specifications/jbuilder-1.0.2.gemspec
I, [2014-02-25T19:28:39.774906 #95037]  INFO -- : 0:  jquery-rails (3.0.4) from /Users/ulukfuni/.rvm/gems/ruby-2.1.0/specifications/jquery-rails-3.0.4.gemspec
I, [2014-02-25T19:28:39.775250 #95037]  INFO -- : 0:  json (1.8.1) from /Users/ulukfuni/.rvm/rubies/ruby-2.1.0/lib/ruby/gems/2.1.0/specifications/default/json-1.8.1.gemspec
I, [2014-02-25T19:28:39.775587 #95037]  INFO -- : 0:  bundler (1.5.1) from /Users/ulukfuni/.rvm/gems/ruby-2.1.0@global/specifications/bundler-1.5.1.gemspec
I, [2014-02-25T19:28:39.775928 #95037]  INFO -- : 0:  tilt (1.4.1) from /Users/ulukfuni/.rvm/gems/ruby-2.1.0/specifications/tilt-1.4.1.gemspec
I, [2014-02-25T19:28:39.776257 #95037]  INFO -- : 0:  sprockets (2.11.0) from /Users/ulukfuni/.rvm/gems/ruby-2.1.0/specifications/sprockets-2.11.0.gemspec
I, [2014-02-25T19:28:39.776595 #95037]  INFO -- : 0:  sprockets-rails (2.0.1) from /Users/ulukfuni/.rvm/gems/ruby-2.1.0/specifications/sprockets-rails-2.0.1.gemspec
I, [2014-02-25T19:28:39.776932 #95037]  INFO -- : 0:  rails (4.0.3) from /Users/ulukfuni/.rvm/gems/ruby-2.1.0/specifications/rails-4.0.3.gemspec
I, [2014-02-25T19:28:39.777287 #95037]  INFO -- : 0:  rdoc (3.12.2) from /Users/ulukfuni/.rvm/gems/ruby-2.1.0/specifications/rdoc-3.12.2.gemspec
I, [2014-02-25T19:28:39.777617 #95037]  INFO -- : 0:  rspec-core (2.13.1) from /Users/ulukfuni/.rvm/gems/ruby-2.1.0/specifications/rspec-core-2.13.1.gemspec
I, [2014-02-25T19:28:39.777962 #95037]  INFO -- : 0:  rspec-expectations (2.13.0) from /Users/ulukfuni/.rvm/gems/ruby-2.1.0/specifications/rspec-expectations-2.13.0.gemspec
I, [2014-02-25T19:28:39.778294 #95037]  INFO -- : 0:  rspec-mocks (2.13.1) from /Users/ulukfuni/.rvm/gems/ruby-2.1.0/specifications/rspec-mocks-2.13.1.gemspec
I, [2014-02-25T19:28:39.875579 #95037]  INFO -- : 0:  rspec-rails (2.13.1) from /Users/ulukfuni/.rvm/gems/ruby-2.1.0/specifications/rspec-rails-2.13.1.gemspec
I, [2014-02-25T19:28:39.876474 #95037]  INFO -- : 0:  rubyzip (0.9.9) from /Users/ulukfuni/.rvm/gems/ruby-2.1.0/specifications/rubyzip-0.9.9.gemspec
I, [2014-02-25T19:28:39.877256 #95037]  INFO -- : 0:  sass (3.2.14) from /Users/ulukfuni/.rvm/gems/ruby-2.1.0/specifications/sass-3.2.14.gemspec
I, [2014-02-25T19:28:39.877863 #95037]  INFO -- : 0:  sass-rails (4.0.1) from /Users/ulukfuni/.rvm/gems/ruby-2.1.0/specifications/sass-rails-4.0.1.gemspec
I, [2014-02-25T19:28:39.878428 #95037]  INFO -- : 0:  sdoc (0.3.20) from /Users/ulukfuni/.rvm/gems/ruby-2.1.0/specifications/sdoc-0.3.20.gemspec
I, [2014-02-25T19:28:39.878991 #95037]  INFO -- : 0:  websocket (1.0.7) from /Users/ulukfuni/.rvm/gems/ruby-2.1.0/specifications/websocket-1.0.7.gemspec
I, [2014-02-25T19:28:39.879557 #95037]  INFO -- : 0:  selenium-webdriver (2.35.1) from /Users/ulukfuni/.rvm/gems/ruby-2.1.0/specifications/selenium-webdriver-2.35.1.gemspec
I, [2014-02-25T19:28:39.880109 #95037]  INFO -- : 0:  sqlite3 (1.3.8) from /Users/ulukfuni/.rvm/gems/ruby-2.1.0/specifications/sqlite3-1.3.8.gemspec
I, [2014-02-25T19:28:39.880681 #95037]  INFO -- : 0:  turbolinks (1.1.1) from /Users/ulukfuni/.rvm/gems/ruby-2.1.0/specifications/turbolinks-1.1.1.gemspec
I, [2014-02-25T19:28:39.881271 #95037]  INFO -- : 0:  uglifier (2.1.1) from /Users/ulukfuni/.rvm/gems/ruby-2.1.0/specifications/uglifier-2.1.1.gemspec
I, [2014-02-25T19:53:02.904930 #95183]  INFO -- : 0:  rake (10.1.1) from /Users/ulukfuni/.rvm/gems/ruby-2.1.0/specifications/rake-10.1.1.gemspec
I, [2014-02-25T19:53:02.914511 #95183]  INFO -- : 0:  i18n (0.6.9) from /Users/ulukfuni/.rvm/gems/ruby-2.1.0/specifications/i18n-0.6.9.gemspec
I, [2014-02-25T19:53:02.915350 #95183]  INFO -- : 0:  minitest (4.7.5) from /Users/ulukfuni/.rvm/rubies/ruby-2.1.0/lib/ruby/gems/2.1.0/specifications/default/minitest-4.7.5.gemspec
I, [2014-02-25T19:53:02.916063 #95183]  INFO -- : 0:  multi_json (1.8.4) from /Users/ulukfuni/.rvm/gems/ruby-2.1.0/specifications/multi_json-1.8.4.gemspec
I, [2014-02-25T19:53:02.916620 #95183]  INFO -- : 0:  atomic (1.1.14) from /Users/ulukfuni/.rvm/gems/ruby-2.1.0/specifications/atomic-1.1.14.gemspec
I, [2014-02-25T19:53:02.917193 #95183]  INFO -- : 0:  thread_safe (0.1.3) from /Users/ulukfuni/.rvm/gems/ruby-2.1.0/specifications/thread_safe-0.1.3.gemspec
I, [2014-02-25T19:53:02.917736 #95183]  INFO -- : 0:  tzinfo (0.3.38) from /Users/ulukfuni/.rvm/gems/ruby-2.1.0/specifications/tzinfo-0.3.38.gemspec
I, [2014-02-25T19:53:02.918317 #95183]  INFO -- : 0:  activesupport (4.0.3) from /Users/ulukfuni/.rvm/gems/ruby-2.1.0/specifications/activesupport-4.0.3.gemspec
I, [2014-02-25T19:53:02.918834 #95183]  INFO -- : 0:  builder (3.1.4) from /Users/ulukfuni/.rvm/gems/ruby-2.1.0/specifications/builder-3.1.4.gemspec
I, [2014-02-25T19:53:02.919380 #95183]  INFO -- : 0:  erubis (2.7.0) from /Users/ulukfuni/.rvm/gems/ruby-2.1.0/specifications/erubis-2.7.0.gemspec
I, [2014-02-25T19:53:02.919913 #95183]  INFO -- : 0:  rack (1.5.2) from /Users/ulukfuni/.rvm/gems/ruby-2.1.0/specifications/rack-1.5.2.gemspec
I, [2014-02-25T19:53:02.920348 #95183]  INFO -- : 0:  rack-test (0.6.2) from /Users/ulukfuni/.rvm/gems/ruby-2.1.0/specifications/rack-test-0.6.2.gemspec
I, [2014-02-25T19:53:02.920802 #95183]  INFO -- : 0:  actionpack (4.0.3) from /Users/ulukfuni/.rvm/gems/ruby-2.1.0/specifications/actionpack-4.0.3.gemspec
I, [2014-02-25T19:53:02.921240 #95183]  INFO -- : 0:  mime-types (1.25.1) from /Users/ulukfuni/.rvm/gems/ruby-2.1.0/specifications/mime-types-1.25.1.gemspec
I, [2014-02-25T19:53:02.921683 #95183]  INFO -- : 0:  polyglot (0.3.4) from /Users/ulukfuni/.rvm/gems/ruby-2.1.0/specifications/polyglot-0.3.4.gemspec
I, [2014-02-25T19:53:02.922115 #95183]  INFO -- : 0:  treetop (1.4.15) from /Users/ulukfuni/.rvm/gems/ruby-2.1.0/specifications/treetop-1.4.15.gemspec
I, [2014-02-25T19:53:02.922546 #95183]  INFO -- : 0:  mail (2.5.4) from /Users/ulukfuni/.rvm/gems/ruby-2.1.0/specifications/mail-2.5.4.gemspec
I, [2014-02-25T19:53:02.923000 #95183]  INFO -- : 0:  actionmailer (4.0.3) from /Users/ulukfuni/.rvm/gems/ruby-2.1.0/specifications/actionmailer-4.0.3.gemspec
I, [2014-02-25T19:53:02.923438 #95183]  INFO -- : 0:  activemodel (4.0.3) from /Users/ulukfuni/.rvm/gems/ruby-2.1.0/specifications/activemodel-4.0.3.gemspec
I, [2014-02-25T19:53:02.923920 #95183]  INFO -- : 0:  activerecord-deprecated_finders (1.0.3) from /Users/ulukfuni/.rvm/gems/ruby-2.1.0/specifications/activerecord-deprecated_finders-1.0.3.gemspec
I, [2014-02-25T19:53:02.924277 #95183]  INFO -- : 0:  arel (4.0.2) from /Users/ulukfuni/.rvm/gems/ruby-2.1.0/specifications/arel-4.0.2.gemspec
I, [2014-02-25T19:53:02.924655 #95183]  INFO -- : 0:  activerecord (4.0.3) from /Users/ulukfuni/.rvm/gems/ruby-2.1.0/specifications/activerecord-4.0.3.gemspec
I, [2014-02-25T19:53:02.925019 #95183]  INFO -- : 0:  mini_portile (0.5.2) from /Users/ulukfuni/.rvm/gems/ruby-2.1.0/specifications/mini_portile-0.5.2.gemspec
I, [2014-02-25T19:53:02.925385 #95183]  INFO -- : 0:  nokogiri (1.6.1) from /Users/ulukfuni/.rvm/gems/ruby-2.1.0/specifications/nokogiri-1.6.1.gemspec
I, [2014-02-25T19:53:02.925738 #95183]  INFO -- : 0:  xpath (2.0.0) from /Users/ulukfuni/.rvm/gems/ruby-2.1.0/specifications/xpath-2.0.0.gemspec
I, [2014-02-25T19:53:02.926094 #95183]  INFO -- : 0:  capybara (2.1.0) from /Users/ulukfuni/.rvm/gems/ruby-2.1.0/specifications/capybara-2.1.0.gemspec
I, [2014-02-25T19:53:02.926439 #95183]  INFO -- : 0:  ffi (1.9.3) from /Users/ulukfuni/.rvm/gems/ruby-2.1.0/specifications/ffi-1.9.3.gemspec
I, [2014-02-25T19:53:02.926747 #95183]  INFO -- : 0:  childprocess (0.5.1) from /Users/ulukfuni/.rvm/gems/ruby-2.1.0/specifications/childprocess-0.5.1.gemspec
I, [2014-02-25T19:53:02.927063 #95183]  INFO -- : 0:  coffee-script-source (1.7.0) from /Users/ulukfuni/.rvm/gems/ruby-2.1.0/specifications/coffee-script-source-1.7.0.gemspec
I, [2014-02-25T19:53:02.927386 #95183]  INFO -- : 0:  execjs (2.0.2) from /Users/ulukfuni/.rvm/gems/ruby-2.1.0/specifications/execjs-2.0.2.gemspec
I, [2014-02-25T19:53:02.927692 #95183]  INFO -- : 0:  coffee-script (2.2.0) from /Users/ulukfuni/.rvm/gems/ruby-2.1.0/specifications/coffee-script-2.2.0.gemspec
I, [2014-02-25T19:53:02.927997 #95183]  INFO -- : 0:  thor (0.18.1) from /Users/ulukfuni/.rvm/gems/ruby-2.1.0/specifications/thor-0.18.1.gemspec
I, [2014-02-25T19:53:02.928325 #95183]  INFO -- : 0:  railties (4.0.3) from /Users/ulukfuni/.rvm/gems/ruby-2.1.0/specifications/railties-4.0.3.gemspec
I, [2014-02-25T19:53:02.928639 #95183]  INFO -- : 0:  coffee-rails (4.0.1) from /Users/ulukfuni/.rvm/gems/ruby-2.1.0/specifications/coffee-rails-4.0.1.gemspec
I, [2014-02-25T19:53:02.928962 #95183]  INFO -- : 0:  diff-lcs (1.2.5) from /Users/ulukfuni/.rvm/gems/ruby-2.1.0/specifications/diff-lcs-1.2.5.gemspec
I, [2014-02-25T19:53:02.929277 #95183]  INFO -- : 0:  hike (1.2.3) from /Users/ulukfuni/.rvm/gems/ruby-2.1.0/specifications/hike-1.2.3.gemspec
I, [2014-02-25T19:53:02.929636 #95183]  INFO -- : 0:  jbuilder (1.0.2) from /Users/ulukfuni/.rvm/gems/ruby-2.1.0/specifications/jbuilder-1.0.2.gemspec
I, [2014-02-25T19:53:02.929974 #95183]  INFO -- : 0:  jquery-rails (3.0.4) from /Users/ulukfuni/.rvm/gems/ruby-2.1.0/specifications/jquery-rails-3.0.4.gemspec
I, [2014-02-25T19:53:02.930294 #95183]  INFO -- : 0:  json (1.8.1) from /Users/ulukfuni/.rvm/rubies/ruby-2.1.0/lib/ruby/gems/2.1.0/specifications/default/json-1.8.1.gemspec
I, [2014-02-25T19:53:02.930598 #95183]  INFO -- : 0:  bundler (1.5.1) from /Users/ulukfuni/.rvm/gems/ruby-2.1.0@global/specifications/bundler-1.5.1.gemspec
I, [2014-02-25T19:53:02.930892 #95183]  INFO -- : 0:  tilt (1.4.1) from /Users/ulukfuni/.rvm/gems/ruby-2.1.0/specifications/tilt-1.4.1.gemspec
I, [2014-02-25T19:53:02.931205 #95183]  INFO -- : 0:  sprockets (2.11.0) from /Users/ulukfuni/.rvm/gems/ruby-2.1.0/specifications/sprockets-2.11.0.gemspec
I, [2014-02-25T19:53:02.931566 #95183]  INFO -- : 0:  sprockets-rails (2.0.1) from /Users/ulukfuni/.rvm/gems/ruby-2.1.0/specifications/sprockets-rails-2.0.1.gemspec
I, [2014-02-25T19:53:02.931903 #95183]  INFO -- : 0:  rails (4.0.3) from /Users/ulukfuni/.rvm/gems/ruby-2.1.0/specifications/rails-4.0.3.gemspec
I, [2014-02-25T19:53:02.932215 #95183]  INFO -- : 0:  rdoc (3.12.2) from /Users/ulukfuni/.rvm/gems/ruby-2.1.0/specifications/rdoc-3.12.2.gemspec
I, [2014-02-25T19:53:02.932547 #95183]  INFO -- : 0:  rspec-core (2.13.1) from /Users/ulukfuni/.rvm/gems/ruby-2.1.0/specifications/rspec-core-2.13.1.gemspec
I, [2014-02-25T19:53:02.932915 #95183]  INFO -- : 0:  rspec-expectations (2.13.0) from /Users/ulukfuni/.rvm/gems/ruby-2.1.0/specifications/rspec-expectations-2.13.0.gemspec
I, [2014-02-25T19:53:02.933264 #95183]  INFO -- : 0:  rspec-mocks (2.13.1) from /Users/ulukfuni/.rvm/gems/ruby-2.1.0/specifications/rspec-mocks-2.13.1.gemspec
I, [2014-02-25T19:53:02.933579 #95183]  INFO -- : 0:  rspec-rails (2.13.1) from /Users/ulukfuni/.rvm/gems/ruby-2.1.0/specifications/rspec-rails-2.13.1.gemspec
I, [2014-02-25T19:53:02.933895 #95183]  INFO -- : 0:  rubyzip (0.9.9) from /Users/ulukfuni/.rvm/gems/ruby-2.1.0/specifications/rubyzip-0.9.9.gemspec
I, [2014-02-25T19:53:02.934219 #95183]  INFO -- : 0:  sass (3.2.14) from /Users/ulukfuni/.rvm/gems/ruby-2.1.0/specifications/sass-3.2.14.gemspec
I, [2014-02-25T19:53:02.934540 #95183]  INFO -- : 0:  sass-rails (4.0.1) from /Users/ulukfuni/.rvm/gems/ruby-2.1.0/specifications/sass-rails-4.0.1.gemspec
I, [2014-02-25T19:53:02.934874 #95183]  INFO -- : 0:  sdoc (0.3.20) from /Users/ulukfuni/.rvm/gems/ruby-2.1.0/specifications/sdoc-0.3.20.gemspec
I, [2014-02-25T19:53:02.935184 #95183]  INFO -- : 0:  websocket (1.0.7) from /Users/ulukfuni/.rvm/gems/ruby-2.1.0/specifications/websocket-1.0.7.gemspec
I, [2014-02-25T19:53:02.935500 #95183]  INFO -- : 0:  selenium-webdriver (2.35.1) from /Users/ulukfuni/.rvm/gems/ruby-2.1.0/specifications/selenium-webdriver-2.35.1.gemspec
I, [2014-02-25T19:53:02.935901 #95183]  INFO -- : 0:  sqlite3 (1.3.8) from /Users/ulukfuni/.rvm/gems/ruby-2.1.0/specifications/sqlite3-1.3.8.gemspec
I, [2014-02-25T19:53:02.936367 #95183]  INFO -- : 0:  turbolinks (1.1.1) from /Users/ulukfuni/.rvm/gems/ruby-2.1.0/specifications/turbolinks-1.1.1.gemspec
I, [2014-02-25T19:53:02.936827 #95183]  INFO -- : 0:  uglifier (2.1.1) from /Users/ulukfuni/.rvm/gems/ruby-2.1.0/specifications/uglifier-2.1.1.gemspec
I, [2014-02-25T19:54:19.821096 #95191]  INFO -- : 0:  rake (10.1.1) from /Users/ulukfuni/.rvm/gems/ruby-2.1.0/specifications/rake-10.1.1.gemspec
I, [2014-02-25T19:54:19.821576 #95191]  INFO -- : 0:  i18n (0.6.9) from /Users/ulukfuni/.rvm/gems/ruby-2.1.0/specifications/i18n-0.6.9.gemspec
I, [2014-02-25T19:54:19.821946 #95191]  INFO -- : 0:  minitest (4.7.5) from /Users/ulukfuni/.rvm/rubies/ruby-2.1.0/lib/ruby/gems/2.1.0/specifications/default/minitest-4.7.5.gemspec
I, [2014-02-25T19:54:19.822294 #95191]  INFO -- : 0:  multi_json (1.8.4) from /Users/ulukfuni/.rvm/gems/ruby-2.1.0/specifications/multi_json-1.8.4.gemspec
I, [2014-02-25T19:54:19.822635 #95191]  INFO -- : 0:  atomic (1.1.14) from /Users/ulukfuni/.rvm/gems/ruby-2.1.0/specifications/atomic-1.1.14.gemspec
I, [2014-02-25T19:54:19.822997 #95191]  INFO -- : 0:  thread_safe (0.1.3) from /Users/ulukfuni/.rvm/gems/ruby-2.1.0/specifications/thread_safe-0.1.3.gemspec
I, [2014-02-25T19:54:19.823325 #95191]  INFO -- : 0:  tzinfo (0.3.38) from /Users/ulukfuni/.rvm/gems/ruby-2.1.0/specifications/tzinfo-0.3.38.gemspec
I, [2014-02-25T19:54:19.823653 #95191]  INFO -- : 0:  activesupport (4.0.3) from /Users/ulukfuni/.rvm/gems/ruby-2.1.0/specifications/activesupport-4.0.3.gemspec
I, [2014-02-25T19:54:19.824145 #95191]  INFO -- : 0:  builder (3.1.4) from /Users/ulukfuni/.rvm/gems/ruby-2.1.0/specifications/builder-3.1.4.gemspec
I, [2014-02-25T19:54:19.824555 #95191]  INFO -- : 0:  erubis (2.7.0) from /Users/ulukfuni/.rvm/gems/ruby-2.1.0/specifications/erubis-2.7.0.gemspec
I, [2014-02-25T19:54:19.824839 #95191]  INFO -- : 0:  rack (1.5.2) from /Users/ulukfuni/.rvm/gems/ruby-2.1.0/specifications/rack-1.5.2.gemspec
I, [2014-02-25T19:54:19.825131 #95191]  INFO -- : 0:  rack-test (0.6.2) from /Users/ulukfuni/.rvm/gems/ruby-2.1.0/specifications/rack-test-0.6.2.gemspec
I, [2014-02-25T19:54:19.834336 #95191]  INFO -- : 0:  actionpack (4.0.3) from /Users/ulukfuni/.rvm/gems/ruby-2.1.0/specifications/actionpack-4.0.3.gemspec
I, [2014-02-25T19:54:19.834893 #95191]  INFO -- : 0:  mime-types (1.25.1) from /Users/ulukfuni/.rvm/gems/ruby-2.1.0/specifications/mime-types-1.25.1.gemspec
I, [2014-02-25T19:54:19.835427 #95191]  INFO -- : 0:  polyglot (0.3.4) from /Users/ulukfuni/.rvm/gems/ruby-2.1.0/specifications/polyglot-0.3.4.gemspec
I, [2014-02-25T19:54:19.835953 #95191]  INFO -- : 0:  treetop (1.4.15) from /Users/ulukfuni/.rvm/gems/ruby-2.1.0/specifications/treetop-1.4.15.gemspec
I, [2014-02-25T19:54:19.836391 #95191]  INFO -- : 0:  mail (2.5.4) from /Users/ulukfuni/.rvm/gems/ruby-2.1.0/specifications/mail-2.5.4.gemspec
I, [2014-02-25T19:54:19.836910 #95191]  INFO -- : 0:  actionmailer (4.0.3) from /Users/ulukfuni/.rvm/gems/ruby-2.1.0/specifications/actionmailer-4.0.3.gemspec
I, [2014-02-25T19:54:19.837451 #95191]  INFO -- : 0:  activemodel (4.0.3) from /Users/ulukfuni/.rvm/gems/ruby-2.1.0/specifications/activemodel-4.0.3.gemspec
I, [2014-02-25T19:54:19.837952 #95191]  INFO -- : 0:  activerecord-deprecated_finders (1.0.3) from /Users/ulukfuni/.rvm/gems/ruby-2.1.0/specifications/activerecord-deprecated_finders-1.0.3.gemspec
I, [2014-02-25T19:54:19.838390 #95191]  INFO -- : 0:  arel (4.0.2) from /Users/ulukfuni/.rvm/gems/ruby-2.1.0/specifications/arel-4.0.2.gemspec
I, [2014-02-25T19:54:19.838826 #95191]  INFO -- : 0:  activerecord (4.0.3) from /Users/ulukfuni/.rvm/gems/ruby-2.1.0/specifications/activerecord-4.0.3.gemspec
I, [2014-02-25T19:54:19.839174 #95191]  INFO -- : 0:  bundler (1.5.1) from /Users/ulukfuni/.rvm/gems/ruby-2.1.0@global/specifications/bundler-1.5.1.gemspec
I, [2014-02-25T19:54:19.839503 #95191]  INFO -- : 0:  mini_portile (0.5.2) from /Users/ulukfuni/.rvm/gems/ruby-2.1.0/specifications/mini_portile-0.5.2.gemspec
I, [2014-02-25T19:54:19.839838 #95191]  INFO -- : 0:  nokogiri (1.6.1) from /Users/ulukfuni/.rvm/gems/ruby-2.1.0/specifications/nokogiri-1.6.1.gemspec
I, [2014-02-25T19:54:19.840167 #95191]  INFO -- : 0:  xpath (2.0.0) from /Users/ulukfuni/.rvm/gems/ruby-2.1.0/specifications/xpath-2.0.0.gemspec
I, [2014-02-25T19:54:19.840493 #95191]  INFO -- : 0:  capybara (2.1.0) from /Users/ulukfuni/.rvm/gems/ruby-2.1.0/specifications/capybara-2.1.0.gemspec
I, [2014-02-25T19:54:19.840817 #95191]  INFO -- : 0:  ffi (1.9.3) from /Users/ulukfuni/.rvm/gems/ruby-2.1.0/specifications/ffi-1.9.3.gemspec
I, [2014-02-25T19:54:19.841182 #95191]  INFO -- : 0:  childprocess (0.5.1) from /Users/ulukfuni/.rvm/gems/ruby-2.1.0/specifications/childprocess-0.5.1.gemspec
I, [2014-02-25T19:54:19.841549 #95191]  INFO -- : 0:  coffee-script-source (1.7.0) from /Users/ulukfuni/.rvm/gems/ruby-2.1.0/specifications/coffee-script-source-1.7.0.gemspec
I, [2014-02-25T19:54:19.841877 #95191]  INFO -- : 0:  execjs (2.0.2) from /Users/ulukfuni/.rvm/gems/ruby-2.1.0/specifications/execjs-2.0.2.gemspec
I, [2014-02-25T19:54:19.842249 #95191]  INFO -- : 0:  coffee-script (2.2.0) from /Users/ulukfuni/.rvm/gems/ruby-2.1.0/specifications/coffee-script-2.2.0.gemspec
I, [2014-02-25T19:54:19.842596 #95191]  INFO -- : 0:  thor (0.18.1) from /Users/ulukfuni/.rvm/gems/ruby-2.1.0/specifications/thor-0.18.1.gemspec
I, [2014-02-25T19:54:19.842954 #95191]  INFO -- : 0:  railties (4.0.3) from /Users/ulukfuni/.rvm/gems/ruby-2.1.0/specifications/railties-4.0.3.gemspec
I, [2014-02-25T19:54:19.843311 #95191]  INFO -- : 0:  coffee-rails (4.0.1) from /Users/ulukfuni/.rvm/gems/ruby-2.1.0/specifications/coffee-rails-4.0.1.gemspec
I, [2014-02-25T19:54:19.843711 #95191]  INFO -- : 0:  diff-lcs (1.2.5) from /Users/ulukfuni/.rvm/gems/ruby-2.1.0/specifications/diff-lcs-1.2.5.gemspec
I, [2014-02-25T19:54:19.844043 #95191]  INFO -- : 0:  hike (1.2.3) from /Users/ulukfuni/.rvm/gems/ruby-2.1.0/specifications/hike-1.2.3.gemspec
I, [2014-02-25T19:54:19.844375 #95191]  INFO -- : 0:  jbuilder (1.0.2) from /Users/ulukfuni/.rvm/gems/ruby-2.1.0/specifications/jbuilder-1.0.2.gemspec
I, [2014-02-25T19:54:19.868892 #95191]  INFO -- : 0:  jquery-rails (3.0.4) from /Users/ulukfuni/.rvm/gems/ruby-2.1.0/specifications/jquery-rails-3.0.4.gemspec
I, [2014-02-25T19:54:19.869536 #95191]  INFO -- : 0:  json (1.8.1) from /Users/ulukfuni/.rvm/rubies/ruby-2.1.0/lib/ruby/gems/2.1.0/specifications/default/json-1.8.1.gemspec
I, [2014-02-25T19:54:19.870056 #95191]  INFO -- : 0:  tilt (1.4.1) from /Users/ulukfuni/.rvm/gems/ruby-2.1.0/specifications/tilt-1.4.1.gemspec
I, [2014-02-25T19:54:19.870650 #95191]  INFO -- : 0:  sprockets (2.11.0) from /Users/ulukfuni/.rvm/gems/ruby-2.1.0/specifications/sprockets-2.11.0.gemspec
I, [2014-02-25T19:54:19.871117 #95191]  INFO -- : 0:  sprockets-rails (2.0.1) from /Users/ulukfuni/.rvm/gems/ruby-2.1.0/specifications/sprockets-rails-2.0.1.gemspec
I, [2014-02-25T19:54:19.871483 #95191]  INFO -- : 0:  rails (4.0.3) from /Users/ulukfuni/.rvm/gems/ruby-2.1.0/specifications/rails-4.0.3.gemspec
I, [2014-02-25T19:54:19.871849 #95191]  INFO -- : 0:  rdoc (3.12.2) from /Users/ulukfuni/.rvm/gems/ruby-2.1.0/specifications/rdoc-3.12.2.gemspec
I, [2014-02-25T19:54:19.872179 #95191]  INFO -- : 0:  rspec-core (2.13.1) from /Users/ulukfuni/.rvm/gems/ruby-2.1.0/specifications/rspec-core-2.13.1.gemspec
I, [2014-02-25T19:54:19.872525 #95191]  INFO -- : 0:  rspec-expectations (2.13.0) from /Users/ulukfuni/.rvm/gems/ruby-2.1.0/specifications/rspec-expectations-2.13.0.gemspec
I, [2014-02-25T19:54:19.872884 #95191]  INFO -- : 0:  rspec-mocks (2.13.1) from /Users/ulukfuni/.rvm/gems/ruby-2.1.0/specifications/rspec-mocks-2.13.1.gemspec
I, [2014-02-25T19:54:19.873218 #95191]  INFO -- : 0:  rspec-rails (2.13.1) from /Users/ulukfuni/.rvm/gems/ruby-2.1.0/specifications/rspec-rails-2.13.1.gemspec
I, [2014-02-25T19:54:19.873548 #95191]  INFO -- : 0:  rubyzip (0.9.9) from /Users/ulukfuni/.rvm/gems/ruby-2.1.0/specifications/rubyzip-0.9.9.gemspec
I, [2014-02-25T19:54:19.873863 #95191]  INFO -- : 0:  sass (3.2.14) from /Users/ulukfuni/.rvm/gems/ruby-2.1.0/specifications/sass-3.2.14.gemspec
I, [2014-02-25T19:54:19.874234 #95191]  INFO -- : 0:  sass-rails (4.0.1) from /Users/ulukfuni/.rvm/gems/ruby-2.1.0/specifications/sass-rails-4.0.1.gemspec
I, [2014-02-25T19:54:19.874583 #95191]  INFO -- : 0:  sdoc (0.3.20) from /Users/ulukfuni/.rvm/gems/ruby-2.1.0/specifications/sdoc-0.3.20.gemspec
I, [2014-02-25T19:54:19.874944 #95191]  INFO -- : 0:  websocket (1.0.7) from /Users/ulukfuni/.rvm/gems/ruby-2.1.0/specifications/websocket-1.0.7.gemspec
I, [2014-02-25T19:54:19.875306 #95191]  INFO -- : 0:  selenium-webdriver (2.35.1) from /Users/ulukfuni/.rvm/gems/ruby-2.1.0/specifications/selenium-webdriver-2.35.1.gemspec
I, [2014-02-25T19:54:19.875649 #95191]  INFO -- : 0:  sqlite3 (1.3.8) from /Users/ulukfuni/.rvm/gems/ruby-2.1.0/specifications/sqlite3-1.3.8.gemspec
I, [2014-02-25T19:54:19.875998 #95191]  INFO -- : 0:  turbolinks (1.1.1) from /Users/ulukfuni/.rvm/gems/ruby-2.1.0/specifications/turbolinks-1.1.1.gemspec
I, [2014-02-25T19:54:19.876355 #95191]  INFO -- : 0:  uglifier (2.1.1) from /Users/ulukfuni/.rvm/gems/ruby-2.1.0/specifications/uglifier-2.1.1.gemspec
I, [2014-02-25T19:54:54.735667 #95192]  INFO -- : 0:  rake (10.1.1) from /Users/ulukfuni/.rvm/gems/ruby-2.1.0/specifications/rake-10.1.1.gemspec
I, [2014-02-25T19:54:54.736082 #95192]  INFO -- : 0:  i18n (0.6.9) from /Users/ulukfuni/.rvm/gems/ruby-2.1.0/specifications/i18n-0.6.9.gemspec
I, [2014-02-25T19:54:54.736488 #95192]  INFO -- : 0:  minitest (4.7.5) from /Users/ulukfuni/.rvm/rubies/ruby-2.1.0/lib/ruby/gems/2.1.0/specifications/default/minitest-4.7.5.gemspec
I, [2014-02-25T19:54:54.736923 #95192]  INFO -- : 0:  multi_json (1.8.4) from /Users/ulukfuni/.rvm/gems/ruby-2.1.0/specifications/multi_json-1.8.4.gemspec
I, [2014-02-25T19:54:54.737262 #95192]  INFO -- : 0:  atomic (1.1.14) from /Users/ulukfuni/.rvm/gems/ruby-2.1.0/specifications/atomic-1.1.14.gemspec
I, [2014-02-25T19:54:54.737613 #95192]  INFO -- : 0:  thread_safe (0.1.3) from /Users/ulukfuni/.rvm/gems/ruby-2.1.0/specifications/thread_safe-0.1.3.gemspec
I, [2014-02-25T19:54:54.737945 #95192]  INFO -- : 0:  tzinfo (0.3.38) from /Users/ulukfuni/.rvm/gems/ruby-2.1.0/specifications/tzinfo-0.3.38.gemspec
I, [2014-02-25T19:54:54.842397 #95192]  INFO -- : 0:  activesupport (4.0.3) from /Users/ulukfuni/.rvm/gems/ruby-2.1.0/specifications/activesupport-4.0.3.gemspec
I, [2014-02-25T19:54:54.842835 #95192]  INFO -- : 0:  builder (3.1.4) from /Users/ulukfuni/.rvm/gems/ruby-2.1.0/specifications/builder-3.1.4.gemspec
I, [2014-02-25T19:54:54.843138 #95192]  INFO -- : 0:  erubis (2.7.0) from /Users/ulukfuni/.rvm/gems/ruby-2.1.0/specifications/erubis-2.7.0.gemspec
I, [2014-02-25T19:54:54.843405 #95192]  INFO -- : 0:  rack (1.5.2) from /Users/ulukfuni/.rvm/gems/ruby-2.1.0/specifications/rack-1.5.2.gemspec
I, [2014-02-25T19:54:54.843683 #95192]  INFO -- : 0:  rack-test (0.6.2) from /Users/ulukfuni/.rvm/gems/ruby-2.1.0/specifications/rack-test-0.6.2.gemspec
I, [2014-02-25T19:54:54.843949 #95192]  INFO -- : 0:  actionpack (4.0.3) from /Users/ulukfuni/.rvm/gems/ruby-2.1.0/specifications/actionpack-4.0.3.gemspec
I, [2014-02-25T19:54:54.844220 #95192]  INFO -- : 0:  mime-types (1.25.1) from /Users/ulukfuni/.rvm/gems/ruby-2.1.0/specifications/mime-types-1.25.1.gemspec
I, [2014-02-25T19:54:54.844499 #95192]  INFO -- : 0:  polyglot (0.3.4) from /Users/ulukfuni/.rvm/gems/ruby-2.1.0/specifications/polyglot-0.3.4.gemspec
I, [2014-02-25T19:54:54.844773 #95192]  INFO -- : 0:  treetop (1.4.15) from /Users/ulukfuni/.rvm/gems/ruby-2.1.0/specifications/treetop-1.4.15.gemspec
I, [2014-02-25T19:54:54.845036 #95192]  INFO -- : 0:  mail (2.5.4) from /Users/ulukfuni/.rvm/gems/ruby-2.1.0/specifications/mail-2.5.4.gemspec
I, [2014-02-25T19:54:54.845322 #95192]  INFO -- : 0:  actionmailer (4.0.3) from /Users/ulukfuni/.rvm/gems/ruby-2.1.0/specifications/actionmailer-4.0.3.gemspec
I, [2014-02-25T19:54:54.845588 #95192]  INFO -- : 0:  activemodel (4.0.3) from /Users/ulukfuni/.rvm/gems/ruby-2.1.0/specifications/activemodel-4.0.3.gemspec
I, [2014-02-25T19:54:54.845864 #95192]  INFO -- : 0:  activerecord-deprecated_finders (1.0.3) from /Users/ulukfuni/.rvm/gems/ruby-2.1.0/specifications/activerecord-deprecated_finders-1.0.3.gemspec
I, [2014-02-25T19:54:54.846188 #95192]  INFO -- : 0:  arel (4.0.2) from /Users/ulukfuni/.rvm/gems/ruby-2.1.0/specifications/arel-4.0.2.gemspec
I, [2014-02-25T19:54:54.846478 #95192]  INFO -- : 0:  activerecord (4.0.3) from /Users/ulukfuni/.rvm/gems/ruby-2.1.0/specifications/activerecord-4.0.3.gemspec
I, [2014-02-25T19:54:54.846754 #95192]  INFO -- : 0:  mini_portile (0.5.2) from /Users/ulukfuni/.rvm/gems/ruby-2.1.0/specifications/mini_portile-0.5.2.gemspec
I, [2014-02-25T19:54:54.847032 #95192]  INFO -- : 0:  nokogiri (1.6.1) from /Users/ulukfuni/.rvm/gems/ruby-2.1.0/specifications/nokogiri-1.6.1.gemspec
I, [2014-02-25T19:54:54.847307 #95192]  INFO -- : 0:  xpath (2.0.0) from /Users/ulukfuni/.rvm/gems/ruby-2.1.0/specifications/xpath-2.0.0.gemspec
I, [2014-02-25T19:54:54.847574 #95192]  INFO -- : 0:  capybara (2.1.0) from /Users/ulukfuni/.rvm/gems/ruby-2.1.0/specifications/capybara-2.1.0.gemspec
I, [2014-02-25T19:54:54.847838 #95192]  INFO -- : 0:  ffi (1.9.3) from /Users/ulukfuni/.rvm/gems/ruby-2.1.0/specifications/ffi-1.9.3.gemspec
I, [2014-02-25T19:54:54.848094 #95192]  INFO -- : 0:  childprocess (0.5.1) from /Users/ulukfuni/.rvm/gems/ruby-2.1.0/specifications/childprocess-0.5.1.gemspec
I, [2014-02-25T19:54:54.848363 #95192]  INFO -- : 0:  coffee-script-source (1.7.0) from /Users/ulukfuni/.rvm/gems/ruby-2.1.0/specifications/coffee-script-source-1.7.0.gemspec
I, [2014-02-25T19:54:54.848637 #95192]  INFO -- : 0:  execjs (2.0.2) from /Users/ulukfuni/.rvm/gems/ruby-2.1.0/specifications/execjs-2.0.2.gemspec
I, [2014-02-25T19:54:54.848896 #95192]  INFO -- : 0:  coffee-script (2.2.0) from /Users/ulukfuni/.rvm/gems/ruby-2.1.0/specifications/coffee-script-2.2.0.gemspec
I, [2014-02-25T19:54:54.849162 #95192]  INFO -- : 0:  thor (0.18.1) from /Users/ulukfuni/.rvm/gems/ruby-2.1.0/specifications/thor-0.18.1.gemspec
I, [2014-02-25T19:54:54.849433 #95192]  INFO -- : 0:  railties (4.0.3) from /Users/ulukfuni/.rvm/gems/ruby-2.1.0/specifications/railties-4.0.3.gemspec
I, [2014-02-25T19:54:54.875160 #95192]  INFO -- : 0:  coffee-rails (4.0.1) from /Users/ulukfuni/.rvm/gems/ruby-2.1.0/specifications/coffee-rails-4.0.1.gemspec
I, [2014-02-25T19:54:54.876106 #95192]  INFO -- : 0:  diff-lcs (1.2.5) from /Users/ulukfuni/.rvm/gems/ruby-2.1.0/specifications/diff-lcs-1.2.5.gemspec
I, [2014-02-25T19:54:54.877063 #95192]  INFO -- : 0:  hike (1.2.3) from /Users/ulukfuni/.rvm/gems/ruby-2.1.0/specifications/hike-1.2.3.gemspec
I, [2014-02-25T19:54:54.877991 #95192]  INFO -- : 0:  jbuilder (1.0.2) from /Users/ulukfuni/.rvm/gems/ruby-2.1.0/specifications/jbuilder-1.0.2.gemspec
I, [2014-02-25T19:54:54.878875 #95192]  INFO -- : 0:  jquery-rails (3.0.4) from /Users/ulukfuni/.rvm/gems/ruby-2.1.0/specifications/jquery-rails-3.0.4.gemspec
I, [2014-02-25T19:54:54.879677 #95192]  INFO -- : 0:  json (1.8.1) from /Users/ulukfuni/.rvm/rubies/ruby-2.1.0/lib/ruby/gems/2.1.0/specifications/default/json-1.8.1.gemspec
I, [2014-02-25T19:54:54.880517 #95192]  INFO -- : 0:  bundler (1.5.1) from /Users/ulukfuni/.rvm/gems/ruby-2.1.0@global/specifications/bundler-1.5.1.gemspec
I, [2014-02-25T19:54:54.881286 #95192]  INFO -- : 0:  tilt (1.4.1) from /Users/ulukfuni/.rvm/gems/ruby-2.1.0/specifications/tilt-1.4.1.gemspec
I, [2014-02-25T19:54:54.881974 #95192]  INFO -- : 0:  sprockets (2.11.0) from /Users/ulukfuni/.rvm/gems/ruby-2.1.0/specifications/sprockets-2.11.0.gemspec
I, [2014-02-25T19:54:54.882689 #95192]  INFO -- : 0:  sprockets-rails (2.0.1) from /Users/ulukfuni/.rvm/gems/ruby-2.1.0/specifications/sprockets-rails-2.0.1.gemspec
I, [2014-02-25T19:54:54.883403 #95192]  INFO -- : 0:  rails (4.0.3) from /Users/ulukfuni/.rvm/gems/ruby-2.1.0/specifications/rails-4.0.3.gemspec
I, [2014-02-25T19:54:54.884170 #95192]  INFO -- : 0:  rdoc (3.12.2) from /Users/ulukfuni/.rvm/gems/ruby-2.1.0/specifications/rdoc-3.12.2.gemspec
I, [2014-02-25T19:54:54.884870 #95192]  INFO -- : 0:  rspec-core (2.13.1) from /Users/ulukfuni/.rvm/gems/ruby-2.1.0/specifications/rspec-core-2.13.1.gemspec
I, [2014-02-25T19:54:54.885448 #95192]  INFO -- : 0:  rspec-expectations (2.13.0) from /Users/ulukfuni/.rvm/gems/ruby-2.1.0/specifications/rspec-expectations-2.13.0.gemspec
I, [2014-02-25T19:54:54.886025 #95192]  INFO -- : 0:  rspec-mocks (2.13.1) from /Users/ulukfuni/.rvm/gems/ruby-2.1.0/specifications/rspec-mocks-2.13.1.gemspec
I, [2014-02-25T19:54:54.886570 #95192]  INFO -- : 0:  rspec-rails (2.13.1) from /Users/ulukfuni/.rvm/gems/ruby-2.1.0/specifications/rspec-rails-2.13.1.gemspec
I, [2014-02-25T19:54:54.887100 #95192]  INFO -- : 0:  rubyzip (0.9.9) from /Users/ulukfuni/.rvm/gems/ruby-2.1.0/specifications/rubyzip-0.9.9.gemspec
I, [2014-02-25T19:54:54.887564 #95192]  INFO -- : 0:  sass (3.2.14) from /Users/ulukfuni/.rvm/gems/ruby-2.1.0/specifications/sass-3.2.14.gemspec
I, [2014-02-25T19:54:54.887890 #95192]  INFO -- : 0:  sass-rails (4.0.1) from /Users/ulukfuni/.rvm/gems/ruby-2.1.0/specifications/sass-rails-4.0.1.gemspec
I, [2014-02-25T19:54:54.888231 #95192]  INFO -- : 0:  sdoc (0.3.20) from /Users/ulukfuni/.rvm/gems/ruby-2.1.0/specifications/sdoc-0.3.20.gemspec
I, [2014-02-25T19:54:54.888572 #95192]  INFO -- : 0:  websocket (1.0.7) from /Users/ulukfuni/.rvm/gems/ruby-2.1.0/specifications/websocket-1.0.7.gemspec
I, [2014-02-25T19:54:54.888911 #95192]  INFO -- : 0:  selenium-webdriver (2.35.1) from /Users/ulukfuni/.rvm/gems/ruby-2.1.0/specifications/selenium-webdriver-2.35.1.gemspec
I, [2014-02-25T19:54:54.889233 #95192]  INFO -- : 0:  sqlite3 (1.3.8) from /Users/ulukfuni/.rvm/gems/ruby-2.1.0/specifications/sqlite3-1.3.8.gemspec
I, [2014-02-25T19:54:54.889574 #95192]  INFO -- : 0:  turbolinks (1.1.1) from /Users/ulukfuni/.rvm/gems/ruby-2.1.0/specifications/turbolinks-1.1.1.gemspec
I, [2014-02-25T19:54:54.889918 #95192]  INFO -- : 0:  uglifier (2.1.1) from /Users/ulukfuni/.rvm/gems/ruby-2.1.0/specifications/uglifier-2.1.1.gemspec
